<?xml version="1.0" encoding="UTF-8"?>
<!-- Generated by org.testng.reporters.JUnitReportReporter -->
<testsuite hostname="akshat" failures="0" tests="1" name="STTCA.STTCA.TestingJava" time="0.968" errors="0" timestamp="2024-10-20T23:12:24 IST" skipped="0">
  <testcase classname="STTCA.STTCA.TestingJava" name="formSubmissionTest" time="0.968"/>
</testsuite> <!-- STTCA.STTCA.TestingJava -->
