<?xml version="1.0" encoding="UTF-8"?>
<!-- Generated by org.testng.reporters.JUnitReportReporter -->
<testsuite hostname="akshat" failures="0" tests="1" name="STTCA.STTCA.TestingJava" time="11.470" errors="0" timestamp="2024-10-20T11:12:50 IST" skipped="0">
  <testcase classname="STTCA.STTCA.TestingJava" name="formSubmissionTest" time="11.470"/>
</testsuite> <!-- STTCA.STTCA.TestingJava -->
